<?xml version="1.0" encoding="UTF-8"?>
<!-- Generated by org.testng.reporters.JUnitReportReporter -->
<testsuite hostname="LAPTOP-6AGQ7HPI" failures="0" tests="1" name="EndtoEndProject.Academy.Validate_NavigationBarTest" time="102.371" errors="0" timestamp="2021-04-10T12:33:58 IST" skipped="0">
  <testcase classname="EndtoEndProject.Academy.Validate_NavigationBarTest" name="navigation_bar" time="102.371"/>
  <system-out/>
</testsuite> <!-- EndtoEndProject.Academy.Validate_NavigationBarTest -->
