<?xml version="1.0" encoding="UTF-8"?>
<!-- Generated by org.testng.reporters.JUnitReportReporter -->
<testsuite hostname="LAPTOP-6AGQ7HPI" failures="0" tests="2" name="EndtoEndProject.Academy.HomepageTest" time="328.034" errors="0" timestamp="2021-04-11T13:46:48 IST" skipped="0">
  <testcase classname="EndtoEndProject.Academy.HomepageTest" name="basepage" time="176.391"/>
  <system-out/>
  <testcase classname="EndtoEndProject.Academy.HomepageTest" name="basepage" time="151.643"/>
  <system-out/>
</testsuite> <!-- EndtoEndProject.Academy.HomepageTest -->
