<?xml version="1.0" encoding="UTF-8"?>
<!-- Generated by org.testng.reporters.JUnitReportReporter -->
<testsuite hostname="LAPTOP-6AGQ7HPI" failures="0" tests="2" name="EndtoEndProject.Academy.HomepageTest" time="223.312" errors="0" timestamp="2021-04-11T17:28:20 IST" skipped="0">
  <testcase classname="EndtoEndProject.Academy.HomepageTest" name="basepage" time="108.960"/>
  <system-out/>
  <testcase classname="EndtoEndProject.Academy.HomepageTest" name="basepage" time="114.352"/>
  <system-out/>
</testsuite> <!-- EndtoEndProject.Academy.HomepageTest -->
