<?xml version="1.0" encoding="UTF-8"?>
<!-- Generated by org.testng.reporters.JUnitReportReporter -->
<testsuite hostname="LAPTOP-6AGQ7HPI" failures="0" tests="1" name="EndtoEndProject.Academy.Validate_NavigationBarTest" time="130.557" errors="0" timestamp="2021-04-11T17:28:20 IST" skipped="0">
  <testcase classname="EndtoEndProject.Academy.Validate_NavigationBarTest" name="navigation_bar" time="130.557"/>
  <system-out/>
</testsuite> <!-- EndtoEndProject.Academy.Validate_NavigationBarTest -->
