<?xml version="1.0" encoding="UTF-8"?>
<!-- Generated by org.testng.reporters.JUnitReportReporter -->
<testsuite hostname="LAPTOP-6AGQ7HPI" failures="0" tests="1" name="CucumberOptions.Testrunner" time="272.549" errors="0" timestamp="2021-04-15T14:23:06 IST" skipped="0">
  <testcase classname="CucumberOptions.Testrunner" name="feature" time="272.549"/>
  <system-out/>
</testsuite> <!-- CucumberOptions.Testrunner -->
